{"timestamp":"2024-12-25T03:01:24.231Z","level":"error","username":"jabellae","clientAttempts":0,"serverAttempts":0,"status":"ERROR","code":"LOGIN_ERROR","message":"Error during login for jabellae: Cannot read properties of undefined (reading 'VITE_COOKIE_DOMAIN')"}
{"timestamp":"2024-12-25T03:01:30.105Z","level":"error","username":"jabellae","clientAttempts":1,"serverAttempts":0,"status":"ERROR","code":"LOGIN_ERROR","message":"Error during login for jabellae: Cannot read properties of undefined (reading 'VITE_COOKIE_DOMAIN')"}
{"timestamp":"2024-12-25T03:01:33.579Z","level":"info","username":"rabano","clientAttempts":2,"code":"LOGIN_ATTEMPT","serverAttempts":1,"status":"INVALID_PASSWORD","message":"Invalid password for rabano"}
{"timestamp":"2024-12-25T03:01:50.527Z","level":"error","username":"rabano","clientAttempts":3,"serverAttempts":1,"status":"ERROR","code":"LOGIN_ERROR","message":"Error during login for rabano: Cannot read properties of undefined (reading 'VITE_COOKIE_DOMAIN')"}
{"timestamp":"2024-12-25T03:01:51.424Z","level":"error","username":"rabano","clientAttempts":4,"serverAttempts":0,"status":"ERROR","code":"LOGIN_ERROR","message":"Error during login for rabano: Cannot read properties of undefined (reading 'VITE_COOKIE_DOMAIN')"}
{"timestamp":"2024-12-25T03:05:27.016Z","level":"error","username":"jabellae","clientAttempts":0,"serverAttempts":0,"status":"ERROR","code":"LOGIN_ERROR","message":"Error during login for jabellae: Cannot read properties of undefined (reading 'VITE_COOKIE_DOMAIN')"}
{"timestamp":"2024-12-25T04:45:25.418Z","level":"error","username":"jabellae","clientAttempts":1,"serverAttempts":0,"status":"ERROR","code":"LOGIN_ERROR","message":"Error during login for jabellae: Cannot read properties of undefined (reading 'VITE_COOKIE_DOMAIN')"}
{"timestamp":"2024-12-25T07:07:00.935Z","level":"info","username":"jabellae","clientAttempts":2,"code":"LogIn Attemp.","serverAttempts":0,"status":"LOGIN_SUCCESS","message":"User jabellae logged in successfully"}
{"timestamp":"2024-12-25T21:55:20.642Z","level":"info","username":"jabellae","clientAttempts":0,"code":"LogIn Attemp.","serverAttempts":0,"status":"LOGIN_SUCCESS","message":"User jabellae logged in successfully"}
{"timestamp":"2024-12-25T21:55:20.750Z","level":"info","username":"jabellae","clientAttempts":0,"code":"LogIn Attemp.","serverAttempts":0,"status":"LOGIN_SUCCESS","message":"User jabellae logged in successfully"}
{"timestamp":"2024-12-26T07:37:47.647Z","level":"info","username":"cho","clientAttempts":0,"code":"Username not found.","serverAttempts":null,"ip":"::1","message":"No username found for: cho"}
{"timestamp":"2024-12-26T07:40:05.867Z","level":"info","username":"cho","clientAttempts":1,"code":"Username not found.","serverAttempts":null,"ip":"::1","message":"cho"}
{"timestamp":"2024-12-26T07:40:17.240Z","level":"info","username":"chocolate","clientAttempts":2,"code":"Invalid password.","serverAttempts":1,"ip":"::1","message":"Invalid password for chocolate"}
{"timestamp":"2024-12-26T07:40:23.477Z","level":"info","username":"chocolate","clientAttempts":3,"code":"User logged in successfully.","serverAttempts":0,"ip":"::1","message":"User chocolate successfully logged in at 2024-12-26T07:40:23.477Z."}
{"timestamp":"2024-12-26T07:40:28.100Z","level":"info","username":"chocolate","clientAttempts":4,"code":"User logged in successfully.","serverAttempts":0,"ip":"::ffff:127.0.0.1","message":"User chocolate successfully logged in at 2024-12-26T07:40:28.100Z."}
{"timestamp":"2024-12-26T07:43:57.510Z","level":"info","username":"chocolate","clientAttempts":5,"code":"User logged in successfully.","serverAttempts":0,"ip":"::ffff:127.0.0.1","message":"User chocolate successfully logged in at 2024-12-26T07:43:57.510Z."}
{"timestamp":"2024-12-26T07:44:36.842Z","level":"info","username":"a","clientAttempts":0,"code":"Username not found.","serverAttempts":null,"ip":"::ffff:127.0.0.1","message":"a"}
{"timestamp":"2024-12-26T07:44:40.936Z","level":"info","username":"jabellae","clientAttempts":1,"code":"Invalid password.","serverAttempts":1,"ip":"::1","message":"Invalid password for jabellae"}
{"timestamp":"2024-12-26T07:44:46.429Z","level":"info","username":"jabellae","clientAttempts":2,"code":"User logged in successfully.","serverAttempts":0,"ip":"::1","message":"User jabellae successfully logged in at 2024-12-26T07:44:46.429Z."}
{"timestamp":"2024-12-26T07:45:41.717Z","level":"info","username":"jabellae","clientAttempts":3,"code":"Invalid password.","serverAttempts":1,"ip":"::1","message":"Invalid password for jabellae"}
{"timestamp":"2024-12-26T07:45:43.402Z","level":"info","username":"jabellae","clientAttempts":4,"code":"Invalid password.","serverAttempts":2,"ip":"::ffff:127.0.0.1","message":"Invalid password for jabellae"}
{"timestamp":"2024-12-26T07:45:45.074Z","level":"info","username":"jabellae","clientAttempts":5,"code":"Invalid password.","serverAttempts":3,"ip":"::1","message":"Invalid password for jabellae"}
{"timestamp":"2024-12-26T07:45:47.039Z","level":"info","username":"jabellae","clientAttempts":6,"code":"User logged in successfully.","serverAttempts":0,"ip":"::1","message":"User jabellae successfully logged in at 2024-12-26T07:45:47.039Z."}
