{"timestamp":"2024-12-24T18:17:27.496Z","level":"info","code":"New user request initiated.","username":"rabano","email":"rabano@rabano.com","message":"New user request initiated: rabano"}
{"timestamp":"2024-12-24T18:17:27.708Z","level":"info","code":"New user created successfully.","username":"rabano","email":"rabano@rabano.com","message":"User created successfully"}
{"timestamp":"2024-12-24T18:34:13.013Z","level":"info","code":"New user request initiated.","username":"jabellae","email":"jabellae@gmail.com","message":"New user request initiated: jabellae"}
{"timestamp":"2024-12-24T18:34:13.209Z","level":"info","code":"New user created successfully.","username":"jabellae","email":"jabellae@gmail.com","message":"User created successfully"}
{"timestamp":"2024-12-24T18:34:55.768Z","level":"info","code":"New user request initiated.","username":"nat","email":"nas","message":"New user request initiated: nat"}
{"timestamp":"2024-12-24T18:34:55.770Z","level":"error","code":"New user creation failed.","username":"nat","email":"nas","error":"Invalid email format.","message":"User creation failed: Invalid email format."}
{"timestamp":"2024-12-24T19:32:18.555Z","level":"info","code":"New user request initiated.","username":"nat","email":"nas","message":"New user request initiated: nat"}
{"timestamp":"2024-12-24T19:32:18.558Z","level":"error","code":"USER_SIGNUP_001","username":"nat","email":"nas","error":"Incorrect username. It must follow the rules: 5-21 characters, only letters, numbers, up to 2 periods (not consecutive), and cannot start/end with a period or underscore.","message":"Invalid username."}
{"timestamp":"2024-12-24T19:32:31.506Z","level":"info","code":"New user request initiated.","username":"natsynapses","email":"nas","message":"New user request initiated: natsynapses"}
{"timestamp":"2024-12-24T19:32:31.509Z","level":"error","code":"Email already in use.","username":"natsynapses","email":"nas","error":"Invalid email format.","message":"Invalid email format."}
{"timestamp":"2024-12-24T19:32:43.391Z","level":"info","code":"New user request initiated.","username":"natsynapses","email":"natsynapses@gmail.com","message":"New user request initiated: natsynapses"}
{"timestamp":"2024-12-24T19:32:43.393Z","level":"error","code":"Password does not meet security requirements.","username":"natsynapses","email":"natsynapses@gmail.com","message":"Password does not meet security requirements."}
{"timestamp":"2024-12-24T19:32:51.795Z","level":"info","code":"New user request initiated.","username":"natsynapses","email":"natsynapses@gmail.com","message":"New user request initiated: natsynapses"}
{"timestamp":"2024-12-24T19:32:51.986Z","level":"info","code":"New user created successfully.","username":"natsynapses","email":"natsynapses@gmail.com","message":"User created successfully"}
{"timestamp":"2024-12-25T02:57:46.284Z","level":"info","code":"New user request initiated.","username":"jar","email":"ja","message":"New user request initiated: jar"}
{"timestamp":"2024-12-25T02:57:46.292Z","level":"error","code":"Invalid Username.","username":"jar","email":"ja","error":"Incorrect username. It must follow the rules: 5-21 characters, only letters, numbers, up to 2 periods (not consecutive), and cannot start/end with a period or underscore.","message":"Invalid username."}
{"timestamp":"2024-12-25T02:58:02.074Z","level":"info","code":"New user request initiated.","username":"suign","email":"admin","message":"New user request initiated: suign"}
{"timestamp":"2024-12-25T02:58:02.077Z","level":"error","code":"Invalid Email.","username":"suign","email":"admin","error":"Invalid email format.","message":"Invalid email format."}
{"timestamp":"2024-12-25T02:58:08.368Z","level":"info","code":"New user request initiated.","username":"suign","email":"admin@neurons.me","message":"New user request initiated: suign"}
{"timestamp":"2024-12-25T02:58:08.370Z","level":"error","code":"Password does not meet security requirements.","username":"suign","email":"admin@neurons.me","message":"Password does not meet security requirements."}
{"timestamp":"2024-12-25T02:58:14.336Z","level":"info","code":"New user request initiated.","username":"suign","email":"admin@neurons.me","message":"New user request initiated: suign"}
{"timestamp":"2024-12-25T02:58:14.528Z","level":"info","code":"New user created successfully.","username":"suign","email":"admin@neurons.me","message":"User created successfully"}
{"timestamp":"2024-12-26T06:26:44.195Z","level":"info","message":{"code":"New user request initiated.","username":"cho","email":"cho"}}
{"timestamp":"2024-12-26T06:26:44.199Z","level":"error","message":{"code":"Invalid Username.","username":"cho","email":"cho","error":"Incorrect username. It must follow the rules: 5-21 characters, only letters, numbers, up to 2 periods (not consecutive), and cannot start/end with a period or underscore."}}
{"timestamp":"2024-12-26T06:34:55.167Z","level":"info","message":"{\"code\":\"New user request initiated.\",\"username\":\"cho\",\"email\":\"cho\"}"}
{"timestamp":"2024-12-26T06:34:55.172Z","level":"error","message":"{\"code\":\"Invalid Username.\",\"username\":\"cho\",\"email\":\"cho\",\"error\":\"Incorrect username. It must follow the rules: 5-21 characters, only letters, numbers, up to 2 periods (not consecutive), and cannot start/end with a period or underscore.\"}"}
2024-12-26T06:42:41.571Z - {"timestamp":"2024-12-26T06:42:41.571Z","message":{"code":"New user request initiated.","username":"cho","email":"cho"}}
2024-12-26T06:42:41.574Z - {"timestamp":"2024-12-26T06:42:41.574Z","message":{"code":"Invalid Username.","username":"cho","email":"cho","error":"Incorrect username. It must follow the rules: 5-21 characters, only letters, numbers, up to 2 periods (not consecutive), and cannot start/end with a period or underscore."}}
2024-12-26T06:45:45.269Z - {"timestamp":"2024-12-26T06:45:45.269Z","message":{"code":"New user request initiated.","username":"cho","email":"cho"}}
2024-12-26T06:45:45.272Z - {"timestamp":"2024-12-26T06:45:45.272Z","message":{"code":"Invalid Username.","username":"cho","email":"cho"}}
2024-12-26T06:45:51.257Z - {"timestamp":"2024-12-26T06:45:51.257Z","message":{"code":"New user request initiated.","username":"chocolate","email":"cho"}}
2024-12-26T06:45:51.259Z - {"timestamp":"2024-12-26T06:45:51.259Z","message":{"code":"Invalid Email.","username":"chocolate","email":"cho","error":"Invalid email format."}}
2024-12-26T06:46:18.928Z - {"timestamp":"2024-12-26T06:46:18.928Z","message":{"code":"New user request initiated.","username":"chocolate","email":"cho"}}
2024-12-26T06:46:18.932Z - {"timestamp":"2024-12-26T06:46:18.932Z","message":{"code":"Invalid Email.","username":"chocolate","email":"cho"}}
2024-12-26T06:46:42.674Z - {"timestamp":"2024-12-26T06:46:42.674Z","message":{"code":"New user request initiated.","username":"chocolate","email":"chocolate@hotmail.com"}}
2024-12-26T06:46:42.677Z - {"timestamp":"2024-12-26T06:46:42.677Z","code":"New user creation failed.","username":"chocolate","email":"chocolate@hotmail.com","stack":"TypeError: cleaker.passwordSecurityCheck is not a function\n    at signUpHandler (file:///opt/dev/apps/cleaker.me/server/src/router/handlers/signUpHandler.js:50:18)\n    at Layer.handle [as handle_request] (/opt/dev/apps/cleaker.me/server/node_modules/express/lib/router/layer.js:95:5)\n    at next (/opt/dev/apps/cleaker.me/server/node_modules/express/lib/router/route.js:149:13)\n    at Route.dispatch (/opt/dev/apps/cleaker.me/server/node_modules/express/lib/router/route.js:119:3)\n    at Layer.handle [as handle_request] (/opt/dev/apps/cleaker.me/server/node_modules/express/lib/router/layer.js:95:5)\n    at /opt/dev/apps/cleaker.me/server/node_modules/express/lib/router/index.js:284:15\n    at Function.process_params (/opt/dev/apps/cleaker.me/server/node_modules/express/lib/router/index.js:346:12)\n    at next (/opt/dev/apps/cleaker.me/server/node_modules/express/lib/router/index.js:280:10)\n    at Function.handle (/opt/dev/apps/cleaker.me/server/node_modules/express/lib/router/index.js:175:3)\n    at router (/opt/dev/apps/cleaker.me/server/node_modules/express/lib/router/index.js:47:12)","message":"User creation failed: cleaker.passwordSecurityCheck is not a function"}
2024-12-26T06:56:56.613Z - {"timestamp":"2024-12-26T06:56:56.613Z","message":{"code":"New user request initiated.","username":"chocolate","email":"choc"}}
2024-12-26T06:56:56.618Z - {"timestamp":"2024-12-26T06:56:56.618Z","message":{"code":"Invalid Email.","username":"chocolate","email":"choc"}}
2024-12-26T06:57:35.362Z - {"timestamp":"2024-12-26T06:57:35.362Z","message":{"code":"New user request initiated.","username":"chocolate","email":"chocolate@hotmail.com"}}
2024-12-26T06:57:35.365Z - {"timestamp":"2024-12-26T06:57:35.365Z","code":"New user creation failed.","username":"chocolate","email":"chocolate@hotmail.com","stack":"TypeError: cleaker.passwordSecurityCheck is not a function\n    at signUpHandler (file:///opt/dev/apps/cleaker.me/server/src/router/handlers/signUpHandler.js:50:18)\n    at Layer.handle [as handle_request] (/opt/dev/apps/cleaker.me/server/node_modules/express/lib/router/layer.js:95:5)\n    at next (/opt/dev/apps/cleaker.me/server/node_modules/express/lib/router/route.js:149:13)\n    at Route.dispatch (/opt/dev/apps/cleaker.me/server/node_modules/express/lib/router/route.js:119:3)\n    at Layer.handle [as handle_request] (/opt/dev/apps/cleaker.me/server/node_modules/express/lib/router/layer.js:95:5)\n    at /opt/dev/apps/cleaker.me/server/node_modules/express/lib/router/index.js:284:15\n    at Function.process_params (/opt/dev/apps/cleaker.me/server/node_modules/express/lib/router/index.js:346:12)\n    at next (/opt/dev/apps/cleaker.me/server/node_modules/express/lib/router/index.js:280:10)\n    at Function.handle (/opt/dev/apps/cleaker.me/server/node_modules/express/lib/router/index.js:175:3)\n    at router (/opt/dev/apps/cleaker.me/server/node_modules/express/lib/router/index.js:47:12)","message":"User creation failed: cleaker.passwordSecurityCheck is not a function"}
2024-12-26T07:10:51.237Z - {"timestamp":"2024-12-26T07:10:51.237Z","message":{"code":"New user request initiated.","username":"chocolate","email":"chocolate@hotmail.com"}}
2024-12-26T07:10:51.242Z - {"timestamp":"2024-12-26T07:10:51.242Z","code":"New user creation failed.","username":"chocolate","email":"chocolate@hotmail.com","stack":"TypeError: cleaker.passwordSecurityCheck is not a function\n    at signUpHandler (file:///opt/dev/apps/cleaker.me/server/src/router/handlers/signUpHandler.js:50:18)\n    at Layer.handle [as handle_request] (/opt/dev/apps/cleaker.me/server/node_modules/express/lib/router/layer.js:95:5)\n    at next (/opt/dev/apps/cleaker.me/server/node_modules/express/lib/router/route.js:149:13)\n    at Route.dispatch (/opt/dev/apps/cleaker.me/server/node_modules/express/lib/router/route.js:119:3)\n    at Layer.handle [as handle_request] (/opt/dev/apps/cleaker.me/server/node_modules/express/lib/router/layer.js:95:5)\n    at /opt/dev/apps/cleaker.me/server/node_modules/express/lib/router/index.js:284:15\n    at Function.process_params (/opt/dev/apps/cleaker.me/server/node_modules/express/lib/router/index.js:346:12)\n    at next (/opt/dev/apps/cleaker.me/server/node_modules/express/lib/router/index.js:280:10)\n    at Function.handle (/opt/dev/apps/cleaker.me/server/node_modules/express/lib/router/index.js:175:3)\n    at router (/opt/dev/apps/cleaker.me/server/node_modules/express/lib/router/index.js:47:12)","message":"User creation failed: cleaker.passwordSecurityCheck is not a function"}
2024-12-26T07:10:57.422Z - {"timestamp":"2024-12-26T07:10:57.422Z","message":{"code":"New user request initiated.","username":"chocolate","email":"chocol"}}
2024-12-26T07:10:57.424Z - {"timestamp":"2024-12-26T07:10:57.424Z","message":{"code":"Invalid Email.","username":"chocolate","email":"chocol"}}
2024-12-26T07:11:06.383Z - {"timestamp":"2024-12-26T07:11:06.383Z","message":{"code":"New user request initiated.","username":"chocolate","email":"chocolate@hotmail.com"}}
2024-12-26T07:11:06.386Z - {"timestamp":"2024-12-26T07:11:06.386Z","code":"New user creation failed.","username":"chocolate","email":"chocolate@hotmail.com","stack":"TypeError: cleaker.passwordSecurityCheck is not a function\n    at signUpHandler (file:///opt/dev/apps/cleaker.me/server/src/router/handlers/signUpHandler.js:50:18)\n    at Layer.handle [as handle_request] (/opt/dev/apps/cleaker.me/server/node_modules/express/lib/router/layer.js:95:5)\n    at next (/opt/dev/apps/cleaker.me/server/node_modules/express/lib/router/route.js:149:13)\n    at Route.dispatch (/opt/dev/apps/cleaker.me/server/node_modules/express/lib/router/route.js:119:3)\n    at Layer.handle [as handle_request] (/opt/dev/apps/cleaker.me/server/node_modules/express/lib/router/layer.js:95:5)\n    at /opt/dev/apps/cleaker.me/server/node_modules/express/lib/router/index.js:284:15\n    at Function.process_params (/opt/dev/apps/cleaker.me/server/node_modules/express/lib/router/index.js:346:12)\n    at next (/opt/dev/apps/cleaker.me/server/node_modules/express/lib/router/index.js:280:10)\n    at Function.handle (/opt/dev/apps/cleaker.me/server/node_modules/express/lib/router/index.js:175:3)\n    at router (/opt/dev/apps/cleaker.me/server/node_modules/express/lib/router/index.js:47:12)","message":"User creation failed: cleaker.passwordSecurityCheck is not a function"}
2024-12-26T07:33:20.265Z - {"timestamp":"2024-12-26T07:33:20.265Z","message":{"code":"New user request initiated.","username":"chocolate","email":"chocolate@hotmail.com"}}
2024-12-26T07:33:20.269Z - {"timestamp":"2024-12-26T07:33:20.269Z","message":{"code":"Password does not meet security requirements.","username":"chocolate","email":"chocolate@hotmail.com"}}
2024-12-26T07:37:12.262Z - {"timestamp":"2024-12-26T07:37:12.262Z","message":{"code":"New user request initiated.","username":"chocolate","email":"chocolate@hotmail.com"}}
2024-12-26T07:37:12.461Z - {"timestamp":"2024-12-26T07:37:12.461Z","message":{"code":"New user created successfully.","userId":"7de3c1ad-d87f-4369-879c-95ce11012c99","username":"chocolate","email":"chocolate@hotmail.com"}}
2024-12-26T07:41:44.534Z - {"timestamp":"2024-12-26T07:41:44.534Z","message":{"code":"New user request initiated.","username":"natsynapses","email":"natsynapses@gmail.com"}}
2024-12-26T07:41:44.549Z - {"timestamp":"2024-12-26T07:41:44.549Z","code":"New user creation failed.","username":"natsynapses","email":"natsynapses@gmail.com","stack":"ReferenceError: EMAIL_OR_USERNAME_TAKEN is not defined\n    at signUpHandler (file:///opt/dev/apps/cleaker.me/server/src/router/handlers/signUpHandler.js:65:15)\n    at process.processTicksAndRejections (node:internal/process/task_queues:105:5)","message":"User creation failed: EMAIL_OR_USERNAME_TAKEN is not defined"}
2024-12-26T07:43:16.989Z - {"timestamp":"2024-12-26T07:43:16.989Z","message":{"code":"New user request initiated.","username":"natsynapses","email":"natsynapses@gmail.com"}}
2024-12-26T07:43:17.102Z - {"timestamp":"2024-12-26T07:43:17.102Z","message":{"code":"Username or Email already in use.","username":"natsynapses","email":"natsynapses@gmail.com"}}
2024-12-26T07:43:24.800Z - {"timestamp":"2024-12-26T07:43:24.800Z","message":{"code":"New user request initiated.","username":"natsynapses1","email":"natsynapses1@gmail.com"}}
2024-12-26T07:43:24.973Z - {"timestamp":"2024-12-26T07:43:24.973Z","message":{"code":"New user created successfully.","userId":"5270294e-48d5-41f9-a40a-047b70b76ec7","username":"natsynapses1","email":"natsynapses1@gmail.com"}}
{"timestamp":"2024-12-26T07:48:00.746Z","message":{"code":"New user request initiated.","username":"administrador","email":"administrador@admi"}}
{"timestamp":"2024-12-26T07:48:00.754Z","message":{"code":"Invalid Email.","username":"administrador","email":"administrador@admi"}}
{"timestamp":"2024-12-26T07:48:07.637Z","message":{"code":"New user request initiated.","username":"administrador","email":"administrador@admin.com"}}
{"timestamp":"2024-12-26T07:48:07.640Z","message":{"code":"Weak Password.","username":"administrador","email":"administrador@admin.com"}}
{"timestamp":"2024-12-26T07:48:12.221Z","message":{"code":"New user request initiated.","username":"administrador","email":"administrador@admin.com"}}
{"timestamp":"2024-12-26T07:48:12.410Z","message":{"code":"New user created successfully.","userId":"1d36b7ef-2275-4f22-9c5a-80b384ec8bca","username":"administrador","email":"administrador@admin.com"}}
